[I 00:05:10.443 NotebookApp] [nb_conda_kernels] enabled, 3 kernels found
[I 00:05:10.448 NotebookApp] Writing notebook server cookie secret to /run/user/1001/jupyter/notebook_cookie_secret
[I 00:05:10.997 NotebookApp] JupyterLab beta preview extension loaded from /home/chrisgiler/anaconda3/lib/python3.5/site-packages/jupyterlab
[I 00:05:10.997 NotebookApp] JupyterLab application directory is /home/chrisgiler/anaconda3/share/jupyter/lab
[I 00:05:11.650 NotebookApp] [nb_anacondacloud] enabled
[I 00:05:11.653 NotebookApp] [nb_conda] enabled
[I 00:05:11.695 NotebookApp] ✓ nbpresent HTML export ENABLED
[W 00:05:11.695 NotebookApp] ✗ nbpresent PDF export DISABLED: No module named 'nbbrowserpdf'
[I 00:05:11.698 NotebookApp] Serving notebooks from local directory: /home/chrisgiler/Metis_Project_05
[I 00:05:11.698 NotebookApp] 0 active kernels 
[I 00:05:11.698 NotebookApp] The Jupyter Notebook is running at: http://localhost:8888/?token=55ea0e67aa9d89a269a9332730a614e456627b1c9c83342e
[I 00:05:11.698 NotebookApp] Use Control-C to stop this server and shut down all kernels (twice to skip confirmation).
[W 00:05:11.698 NotebookApp] No web browser found: could not locate runnable browser.
[C 00:05:11.698 NotebookApp] 
    
    Copy/paste this URL into your browser when you connect for the first time,
    to login with a token:
        http://localhost:8888/?token=55ea0e67aa9d89a269a9332730a614e456627b1c9c83342e
[I 00:06:29.196 NotebookApp] 302 GET / (127.0.0.1) 0.75ms
[I 00:06:29.210 NotebookApp] 302 GET /tree? (127.0.0.1) 1.17ms
[W 00:06:53.330 NotebookApp] 401 POST /login?next=%2Ftree%3F (127.0.0.1) 1.74ms referer=http://localhost:12348/login?next=%2Ftree%3F
[W 00:06:56.135 NotebookApp] 401 POST /login?next=%2Ftree%3F (127.0.0.1) 1.66ms referer=http://localhost:12348/login?next=%2Ftree%3F
[W 00:06:56.663 NotebookApp] 401 POST /login?next=%2Ftree%3F (127.0.0.1) 1.71ms referer=http://localhost:12348/login?next=%2Ftree%3F
[W 00:07:30.616 NotebookApp] 401 POST /login?next=%2Ftree%3F (127.0.0.1) 1.68ms referer=http://localhost:12348/login?next=%2Ftree%3F
[I 00:08:00.786 NotebookApp] Interrupted...
[I 00:08:00.786 NotebookApp] Shutting down kernels
[I 00:08:03.598 NotebookApp] [nb_conda_kernels] enabled, 3 kernels found
[I 00:08:04.164 NotebookApp] JupyterLab beta preview extension loaded from /home/chrisgiler/anaconda3/lib/python3.5/site-packages/jupyterlab
[I 00:08:04.164 NotebookApp] JupyterLab application directory is /home/chrisgiler/anaconda3/share/jupyter/lab
[I 00:08:04.817 NotebookApp] [nb_anacondacloud] enabled
[I 00:08:04.821 NotebookApp] [nb_conda] enabled
[I 00:08:04.862 NotebookApp] ✓ nbpresent HTML export ENABLED
[W 00:08:04.862 NotebookApp] ✗ nbpresent PDF export DISABLED: No module named 'nbbrowserpdf'
[I 00:08:04.864 NotebookApp] Serving notebooks from local directory: /home/chrisgiler/Metis_Project_05
[I 00:08:04.864 NotebookApp] 0 active kernels 
[I 00:08:04.865 NotebookApp] The Jupyter Notebook is running at: http://localhost:8888/?token=42c8691b105e5c4bcc33886ce60036dd00f9945106c882ab
[I 00:08:04.865 NotebookApp] Use Control-C to stop this server and shut down all kernels (twice to skip confirmation).
[W 00:08:04.865 NotebookApp] No web browser found: could not locate runnable browser.
[C 00:08:04.865 NotebookApp] 
    
    Copy/paste this URL into your browser when you connect for the first time,
    to login with a token:
        http://localhost:8888/?token=42c8691b105e5c4bcc33886ce60036dd00f9945106c882ab
[I 00:08:16.747 NotebookApp] Interrupted...
[I 00:08:16.747 NotebookApp] Shutting down kernels
[C 00:08:51.641 NotebookApp] Bad config encountered during initialization:
[C 00:08:51.641 NotebookApp] Unrecognized flag: '--no-brbrowser'
The Jupyter HTML Notebook.

This launches a Tornado based HTML Notebook Server that serves up an
HTML5/Javascript Notebook client.

Subcommands
-----------

Subcommands are launched as `jupyter-notebook cmd [args]`. For information on
using subcommand 'cmd', do: `jupyter-notebook cmd -h`.

list
    List currently running notebook servers.
password
    Set a password for the notebook server.

Options
-------

Arguments that take values are actually convenience aliases to full
Configurables, whose aliases are listed on the help line. For more information
on full configurables, see '--help-all'.

-y
    Answer yes to any questions instead of prompting.
--debug
    set log level to logging.DEBUG (maximize logging output)
--allow-root
    Allow the notebook to be run from root user.
--no-browser
    Don't open the notebook in a browser after startup.
--generate-config
    generate default config file
--no-mathjax
    Disable MathJax
    
    MathJax is the javascript library Jupyter uses to render math/LaTeX. It is
    very large, so you may want to disable it if you have a slow internet
    connection, or for offline use of the notebook.
    
    When disabled, equations etc. will appear as their untransformed TeX source.
--script
    DEPRECATED, IGNORED
--no-script
    DEPRECATED, IGNORED
--pylab
    DISABLED: use %pylab or %matplotlib in the notebook to enable matplotlib.
--port=<Int> (NotebookApp.port)
    Default: 8888
    The port the notebook server will listen on.
--browser=<Unicode> (NotebookApp.browser)
    Default: ''
    Specify what command to use to invoke a web browser when opening the
    notebook. If not specified, the default browser will be determined by the
    `webbrowser` standard library module, which allows setting of the BROWSER
    environment variable to override it.
--port-retries=<Int> (NotebookApp.port_retries)
    Default: 50
    The number of additional ports to try if the specified port is not
    available.
--notebook-dir=<Unicode> (NotebookApp.notebook_dir)
    Default: ''
    The directory to use for notebooks and kernels.
--config=<Unicode> (JupyterApp.config_file)
    Default: ''
    Full path of a config file.
--log-level=<Enum> (Application.log_level)
    Default: 30
    Choices: (0, 10, 20, 30, 40, 50, 'DEBUG', 'INFO', 'WARN', 'ERROR', 'CRITICAL')
    Set the log level by value or name.
--ip=<Unicode> (NotebookApp.ip)
    Default: 'localhost'
    The IP address the notebook server will listen on.
--transport=<CaselessStrEnum> (KernelManager.transport)
    Default: 'tcp'
    Choices: ['tcp', 'ipc']
--client-ca=<Unicode> (NotebookApp.client_ca)
    Default: ''
    The full path to a certificate authority certificate for SSL/TLS client
    authentication.
--keyfile=<Unicode> (NotebookApp.keyfile)
    Default: ''
    The full path to a private key file for usage with SSL/TLS.
--pylab=<Unicode> (NotebookApp.pylab)
    Default: 'disabled'
    DISABLED: use %pylab or %matplotlib in the notebook to enable matplotlib.
--certfile=<Unicode> (NotebookApp.certfile)
    Default: ''
    The full path to an SSL/TLS certificate file.

To see all available configurables, use `--help-all`

Examples
--------

    jupyter notebook                       # start the notebook
    jupyter notebook --certfile=mycert.pem # use SSL/TLS certificate
    jupyter notebook password              # enter a password to protect the server

[I 00:09:37.134 NotebookApp] [nb_conda_kernels] enabled, 3 kernels found
[I 00:09:37.686 NotebookApp] JupyterLab beta preview extension loaded from /home/chrisgiler/anaconda3/lib/python3.5/site-packages/jupyterlab
[I 00:09:37.686 NotebookApp] JupyterLab application directory is /home/chrisgiler/anaconda3/share/jupyter/lab
[I 00:09:38.333 NotebookApp] [nb_anacondacloud] enabled
[I 00:09:38.337 NotebookApp] [nb_conda] enabled
[I 00:09:38.378 NotebookApp] ✓ nbpresent HTML export ENABLED
[W 00:09:38.378 NotebookApp] ✗ nbpresent PDF export DISABLED: No module named 'nbbrowserpdf'
[I 00:09:38.380 NotebookApp] Serving notebooks from local directory: /home/chrisgiler/Metis_Project_05
[I 00:09:38.380 NotebookApp] 0 active kernels 
[I 00:09:38.381 NotebookApp] The Jupyter Notebook is running at: http://localhost:8888/?token=6860a3b4bd9f68135f540ca1414f93d5189fc02addb97465
[I 00:09:38.381 NotebookApp] Use Control-C to stop this server and shut down all kernels (twice to skip confirmation).
[C 00:09:38.381 NotebookApp] 
    
    Copy/paste this URL into your browser when you connect for the first time,
    to login with a token:
        http://localhost:8888/?token=6860a3b4bd9f68135f540ca1414f93d5189fc02addb97465
[I 00:09:47.487 NotebookApp] 302 GET / (127.0.0.1) 0.79ms
[I 00:09:47.507 NotebookApp] 302 GET /tree? (127.0.0.1) 1.09ms
[I 00:15:39.101 NotebookApp] [nb_conda_kernels] enabled, 3 kernels found
Traceback (most recent call last):
  File "/home/chrisgiler/anaconda3/bin/jupyter-notebook", line 6, in <module>
    sys.exit(notebook.notebookapp.main())
  File "/home/chrisgiler/anaconda3/lib/python3.5/site-packages/jupyter_core/application.py", line 267, in launch_instance
    return super(JupyterApp, cls).launch_instance(argv=argv, **kwargs)
  File "/home/chrisgiler/anaconda3/lib/python3.5/site-packages/traitlets/config/application.py", line 657, in launch_instance
    app.initialize(argv)
  File "<decorator-gen-7>", line 2, in initialize
  File "/home/chrisgiler/anaconda3/lib/python3.5/site-packages/traitlets/config/application.py", line 87, in catch_config_error
    return method(app, *args, **kwargs)
  File "/home/chrisgiler/anaconda3/lib/python3.5/site-packages/notebook/notebookapp.py", line 1296, in initialize
    self.init_webapp()
  File "/home/chrisgiler/anaconda3/lib/python3.5/site-packages/notebook/notebookapp.py", line 1093, in init_webapp
    self.jinja_environment_options
  File "/home/chrisgiler/anaconda3/lib/python3.5/site-packages/notebook/notebookapp.py", line 167, in __init__
    default_url, settings_overrides, jinja_env_options)
  File "/home/chrisgiler/anaconda3/lib/python3.5/site-packages/notebook/notebookapp.py", line 259, in init_settings
    nbextensions_path=jupyter_app.nbextensions_path,
  File "/home/chrisgiler/anaconda3/lib/python3.5/site-packages/notebook/notebookapp.py", line 807, in nbextensions_path
    from IPython.paths import get_ipython_dir
  File "/home/chrisgiler/anaconda3/lib/python3.5/site-packages/IPython/__init__.py", line 49, in <module>
    from .terminal.embed import embed
  File "/home/chrisgiler/anaconda3/lib/python3.5/site-packages/IPython/terminal/embed.py", line 18, in <module>
    from IPython.terminal.interactiveshell import TerminalInteractiveShell
  File "/home/chrisgiler/anaconda3/lib/python3.5/site-packages/IPython/terminal/interactiveshell.py", line 94, in <module>
    class TerminalInteractiveShell(InteractiveShell):
  File "/home/chrisgiler/anaconda3/lib/python3.5/site-packages/IPython/terminal/interactiveshell.py", line 139, in TerminalInteractiveShell
    highlighting: \n %s""" % ', '.join(get_all_styles())
  File "/home/chrisgiler/anaconda3/lib/python3.5/site-packages/pygments/styles/__init__.py", line 79, in get_all_styles
    for name, _ in find_plugin_styles():
  File "/home/chrisgiler/anaconda3/lib/python3.5/site-packages/pygments/plugin.py", line 62, in find_plugin_styles
    for entrypoint in iter_entry_points(STYLE_ENTRY_POINT):
  File "/home/chrisgiler/anaconda3/lib/python3.5/site-packages/pygments/plugin.py", line 45, in iter_entry_points
    import pkg_resources
  File "<frozen importlib._bootstrap>", line 969, in _find_and_load
  File "<frozen importlib._bootstrap>", line 958, in _find_and_load_unlocked
  File "<frozen importlib._bootstrap>", line 664, in _load_unlocked
  File "<frozen importlib._bootstrap>", line 634, in _load_backward_compatible
  File "/home/chrisgiler/anaconda3/lib/python3.5/site-packages/setuptools-27.2.0-py3.5.egg/pkg_resources/__init__.py", line 72, in <module>
  File "<frozen importlib._bootstrap>", line 969, in _find_and_load
  File "<frozen importlib._bootstrap>", line 958, in _find_and_load_unlocked
  File "<frozen importlib._bootstrap>", line 664, in _load_unlocked
  File "<frozen importlib._bootstrap>", line 634, in _load_backward_compatible
  File "/home/chrisgiler/anaconda3/lib/python3.5/site-packages/setuptools-27.2.0-py3.5.egg/pkg_resources/_vendor/packaging/requirements.py", line 9, in <module>
  File "<frozen importlib._bootstrap>", line 969, in _find_and_load
  File "<frozen importlib._bootstrap>", line 958, in _find_and_load_unlocked
  File "<frozen importlib._bootstrap>", line 664, in _load_unlocked
  File "<frozen importlib._bootstrap>", line 634, in _load_backward_compatible
  File "/home/chrisgiler/anaconda3/lib/python3.5/site-packages/setuptools-27.2.0-py3.5.egg/pkg_resources/extern/__init__.py", line 43, in load_module
  File "<frozen importlib._bootstrap>", line 969, in _find_and_load
  File "<frozen importlib._bootstrap>", line 954, in _find_and_load_unlocked
  File "<frozen importlib._bootstrap>", line 896, in _find_spec
  File "<frozen importlib._bootstrap_external>", line 1152, in find_spec
  File "<frozen importlib._bootstrap_external>", line 1128, in _get_spec
  File "<frozen importlib._bootstrap_external>", line 1109, in _legacy_get_spec
  File "<frozen importlib._bootstrap>", line 444, in spec_from_loader
  File "<frozen importlib._bootstrap_external>", line 546, in spec_from_file_location
KeyboardInterrupt
[I 00:15:58.719 NotebookApp] 302 GET /?token=72ea0e09bfd1d6542a9c6257a4f87856cc741ef27a668de5 (127.0.0.1) 0.53ms
[I 00:15:58.731 NotebookApp] 302 GET /tree?token=72ea0e09bfd1d6542a9c6257a4f87856cc741ef27a668de5 (127.0.0.1) 0.86ms
[I 00:16:15.807 NotebookApp] 302 GET /?token=72ea0e09bfd1d6542a9c6257a4f87856cc741ef27a668de5 (127.0.0.1) 0.50ms
[I 00:16:15.826 NotebookApp] 302 GET /tree?token=72ea0e09bfd1d6542a9c6257a4f87856cc741ef27a668de5 (127.0.0.1) 0.82ms
[W 00:16:23.942 NotebookApp] 401 POST /login?next=%2Ftree%3Ftoken%3D72ea0e09bfd1d6542a9c6257a4f87856cc741ef27a668de5 (127.0.0.1) 1.70ms referer=http://localhost:12345/login?next=%2Ftree%3Ftoken%3D72ea0e09bfd1d6542a9c6257a4f87856cc741ef27a668de5
[W 00:16:47.090 NotebookApp] 401 POST /login?next=%2Ftree%3Ftoken%3D72ea0e09bfd1d6542a9c6257a4f87856cc741ef27a668de5 (127.0.0.1) 1.64ms referer=http://localhost:12345/login?next=%2Ftree%3Ftoken%3D72ea0e09bfd1d6542a9c6257a4f87856cc741ef27a668de5
[I 00:17:00.047 NotebookApp] 302 GET /?token=72ea0e09bfd1d6542a9c6257a4f87856cc741ef27a668de5 (127.0.0.1) 0.51ms
[I 00:17:00.067 NotebookApp] 302 GET /tree?token=72ea0e09bfd1d6542a9c6257a4f87856cc741ef27a668de5 (127.0.0.1) 0.85ms
[I 00:17:32.771 NotebookApp] 302 GET /?token=60434c19c9c3bf5fc97c8adb5225554aca1ce2269f96ec7e (127.0.0.1) 0.53ms
[I 00:17:32.798 NotebookApp] 302 GET /tree?token=60434c19c9c3bf5fc97c8adb5225554aca1ce2269f96ec7e (127.0.0.1) 0.78ms
[C 00:21:25.318 NotebookApp] received signal 15, stopping
[I 00:21:25.319 NotebookApp] Shutting down kernels
